[22:17:43] [main/INFO]: Environment: authHost='https://authserver.mojang.com', accountsHost='https://api.mojang.com', sessionHost='https://sessionserver.mojang.com', servicesHost='https://api.minecraftservices.com', name='PROD'
[22:17:44] [main/INFO]: Found new data pack file/bukkit, loading it automatically
[22:17:44] [main/INFO]: Reloading ResourceManager: Default, bukkit
[22:17:45] [Worker-Main-13/INFO]: Loaded 7 recipes
[22:17:48] [Server thread/INFO]: Starting minecraft server version 1.16.5
[22:17:48] [Server thread/INFO]: Loading properties
[22:17:49] [Server thread/INFO]: This server is running CraftBukkit version 3069-Spigot-bd6b566-51e2981 (MC: 1.16.5) (Implementing API version 1.16.5-R0.1-SNAPSHOT)
[22:17:49] [Server thread/INFO]: Debug logging is disabled
[22:17:49] [Server thread/INFO]: Server Ping Player Sample Count: 12
[22:17:49] [Server thread/INFO]: Using 4 threads for Netty based IO
[22:17:49] [Server thread/INFO]: Default game type: SURVIVAL
[22:17:49] [Server thread/INFO]: Generating keypair
[22:17:49] [Server thread/INFO]: Starting Minecraft server on *:25565
[22:17:50] [Server thread/INFO]: Using epoll channel type
[22:17:50] [Server thread/INFO]: Preparing level "world"
[22:17:50] [Server thread/INFO]: -------- World Settings For [world] --------
[22:17:50] [Server thread/INFO]: Experience Merge Radius: 3.0
[22:17:50] [Server thread/INFO]: Mob Spawn Range: 6
[22:17:50] [Server thread/INFO]: Cactus Growth Modifier: 100%
[22:17:50] [Server thread/INFO]: Cane Growth Modifier: 100%
[22:17:50] [Server thread/INFO]: Melon Growth Modifier: 100%
[22:17:50] [Server thread/INFO]: Mushroom Growth Modifier: 100%
[22:17:50] [Server thread/INFO]: Pumpkin Growth Modifier: 100%
[22:17:50] [Server thread/INFO]: Sapling Growth Modifier: 100%
[22:17:50] [Server thread/INFO]: Beetroot Growth Modifier: 100%
[22:17:50] [Server thread/INFO]: Carrot Growth Modifier: 100%
[22:17:50] [Server thread/INFO]: Potato Growth Modifier: 100%
[22:17:50] [Server thread/INFO]: Wheat Growth Modifier: 100%
[22:17:50] [Server thread/INFO]: NetherWart Growth Modifier: 100%
[22:17:50] [Server thread/INFO]: Vine Growth Modifier: 100%
[22:17:50] [Server thread/INFO]: Cocoa Growth Modifier: 100%
[22:17:50] [Server thread/INFO]: Bamboo Growth Modifier: 100%
[22:17:50] [Server thread/INFO]: SweetBerry Growth Modifier: 100%
[22:17:50] [Server thread/INFO]: Kelp Growth Modifier: 100%
[22:17:50] [Server thread/INFO]: Entity Activation Range: An 32 / Mo 32 / Ra 48 / Mi 16 / Tiv true
[22:17:50] [Server thread/INFO]: Hopper Transfer: 8 Hopper Check: 1 Hopper Amount: 1
[22:17:50] [Server thread/INFO]: Custom Map Seeds:  Village: 10387312 Desert: 14357617 Igloo: 14357618 Jungle: 14357619 Swamp: 14357620 Monument: 10387313 Ocean: 14357621 Shipwreck: 165745295 End City: 10387313 Slime: 987234911 Bastion: 30084232 Fortress: 30084232 Mansion: 10387319 Fossil: 14357921 Portal: 34222645
[22:17:50] [Server thread/INFO]: Max TNT Explosions: 100
[22:17:50] [Server thread/INFO]: Tile Max Tick Time: 50ms Entity max Tick Time: 50ms
[22:17:50] [Server thread/INFO]: Entity Tracking Range: Pl 48 / An 48 / Mo 48 / Mi 32 / Other 64
[22:17:50] [Server thread/INFO]: Allow Zombie Pigmen to spawn from portal blocks: true
[22:17:50] [Server thread/INFO]: Item Merge Radius: 2.5
[22:17:50] [Server thread/INFO]: View Distance: 10
[22:17:50] [Server thread/INFO]: Item Despawn Rate: 6000
[22:17:50] [Server thread/INFO]: Arrow Despawn Rate: 1200 Trident Respawn Rate:1200
[22:17:50] [Server thread/INFO]: Zombie Aggressive Towards Villager: true
[22:17:50] [Server thread/INFO]: Nerfing mobs spawned from spawners: false
[22:17:50] [Server thread/WARN]: Unable to find spawn biome
[22:17:56] [Server thread/INFO]: -------- World Settings For [world_nether] --------
[22:17:56] [Server thread/INFO]: Experience Merge Radius: 3.0
[22:17:56] [Server thread/INFO]: Mob Spawn Range: 6
[22:17:56] [Server thread/INFO]: Cactus Growth Modifier: 100%
[22:17:56] [Server thread/INFO]: Cane Growth Modifier: 100%
[22:17:56] [Server thread/INFO]: Melon Growth Modifier: 100%
[22:17:56] [Server thread/INFO]: Mushroom Growth Modifier: 100%
[22:17:56] [Server thread/INFO]: Pumpkin Growth Modifier: 100%
[22:17:56] [Server thread/INFO]: Sapling Growth Modifier: 100%
[22:17:56] [Server thread/INFO]: Beetroot Growth Modifier: 100%
[22:17:56] [Server thread/INFO]: Carrot Growth Modifier: 100%
[22:17:56] [Server thread/INFO]: Potato Growth Modifier: 100%
[22:17:56] [Server thread/INFO]: Wheat Growth Modifier: 100%
[22:17:56] [Server thread/INFO]: NetherWart Growth Modifier: 100%
[22:17:56] [Server thread/INFO]: Vine Growth Modifier: 100%
[22:17:56] [Server thread/INFO]: Cocoa Growth Modifier: 100%
[22:17:56] [Server thread/INFO]: Bamboo Growth Modifier: 100%
[22:17:56] [Server thread/INFO]: SweetBerry Growth Modifier: 100%
[22:17:56] [Server thread/INFO]: Kelp Growth Modifier: 100%
[22:17:56] [Server thread/INFO]: Entity Activation Range: An 32 / Mo 32 / Ra 48 / Mi 16 / Tiv true
[22:17:56] [Server thread/INFO]: Hopper Transfer: 8 Hopper Check: 1 Hopper Amount: 1
[22:17:56] [Server thread/INFO]: Custom Map Seeds:  Village: 10387312 Desert: 14357617 Igloo: 14357618 Jungle: 14357619 Swamp: 14357620 Monument: 10387313 Ocean: 14357621 Shipwreck: 165745295 End City: 10387313 Slime: 987234911 Bastion: 30084232 Fortress: 30084232 Mansion: 10387319 Fossil: 14357921 Portal: 34222645
[22:17:56] [Server thread/INFO]: Max TNT Explosions: 100
[22:17:56] [Server thread/INFO]: Tile Max Tick Time: 50ms Entity max Tick Time: 50ms
[22:17:56] [Server thread/INFO]: Entity Tracking Range: Pl 48 / An 48 / Mo 48 / Mi 32 / Other 64
[22:17:56] [Server thread/INFO]: Allow Zombie Pigmen to spawn from portal blocks: true
[22:17:56] [Server thread/INFO]: Item Merge Radius: 2.5
[22:17:56] [Server thread/INFO]: View Distance: 10
[22:17:56] [Server thread/INFO]: Item Despawn Rate: 6000
[22:17:56] [Server thread/INFO]: Arrow Despawn Rate: 1200 Trident Respawn Rate:1200
[22:17:56] [Server thread/INFO]: Zombie Aggressive Towards Villager: true
[22:17:56] [Server thread/INFO]: Nerfing mobs spawned from spawners: false
[22:17:56] [Server thread/WARN]: Unable to find spawn biome
[22:17:58] [Server thread/INFO]: -------- World Settings For [world_the_end] --------
[22:17:58] [Server thread/INFO]: Experience Merge Radius: 3.0
[22:17:58] [Server thread/INFO]: Mob Spawn Range: 6
[22:17:58] [Server thread/INFO]: Cactus Growth Modifier: 100%
[22:17:58] [Server thread/INFO]: Cane Growth Modifier: 100%
[22:17:58] [Server thread/INFO]: Melon Growth Modifier: 100%
[22:17:58] [Server thread/INFO]: Mushroom Growth Modifier: 100%
[22:17:58] [Server thread/INFO]: Pumpkin Growth Modifier: 100%
[22:17:58] [Server thread/INFO]: Sapling Growth Modifier: 100%
[22:17:58] [Server thread/INFO]: Beetroot Growth Modifier: 100%
[22:17:58] [Server thread/INFO]: Carrot Growth Modifier: 100%
[22:17:58] [Server thread/INFO]: Potato Growth Modifier: 100%
[22:17:58] [Server thread/INFO]: Wheat Growth Modifier: 100%
[22:17:58] [Server thread/INFO]: NetherWart Growth Modifier: 100%
[22:17:58] [Server thread/INFO]: Vine Growth Modifier: 100%
[22:17:58] [Server thread/INFO]: Cocoa Growth Modifier: 100%
[22:17:58] [Server thread/INFO]: Bamboo Growth Modifier: 100%
[22:17:58] [Server thread/INFO]: SweetBerry Growth Modifier: 100%
[22:17:58] [Server thread/INFO]: Kelp Growth Modifier: 100%
[22:17:58] [Server thread/INFO]: Entity Activation Range: An 32 / Mo 32 / Ra 48 / Mi 16 / Tiv true
[22:17:58] [Server thread/INFO]: Hopper Transfer: 8 Hopper Check: 1 Hopper Amount: 1
[22:17:58] [Server thread/INFO]: Custom Map Seeds:  Village: 10387312 Desert: 14357617 Igloo: 14357618 Jungle: 14357619 Swamp: 14357620 Monument: 10387313 Ocean: 14357621 Shipwreck: 165745295 End City: 10387313 Slime: 987234911 Bastion: 30084232 Fortress: 30084232 Mansion: 10387319 Fossil: 14357921 Portal: 34222645
[22:17:58] [Server thread/INFO]: Max TNT Explosions: 100
[22:17:58] [Server thread/INFO]: Tile Max Tick Time: 50ms Entity max Tick Time: 50ms
[22:17:58] [Server thread/INFO]: Entity Tracking Range: Pl 48 / An 48 / Mo 48 / Mi 32 / Other 64
[22:17:58] [Server thread/INFO]: Allow Zombie Pigmen to spawn from portal blocks: true
[22:17:58] [Server thread/INFO]: Item Merge Radius: 2.5
[22:17:58] [Server thread/INFO]: View Distance: 10
[22:17:58] [Server thread/INFO]: Item Despawn Rate: 6000
[22:17:58] [Server thread/INFO]: Arrow Despawn Rate: 1200 Trident Respawn Rate:1200
[22:17:58] [Server thread/INFO]: Zombie Aggressive Towards Villager: true
[22:17:58] [Server thread/INFO]: Nerfing mobs spawned from spawners: false
[22:17:58] [Server thread/WARN]: Unable to find spawn biome
[22:17:58] [Server thread/INFO]: Preparing start region for dimension minecraft:overworld
[22:17:58] [Worker-Main-15/INFO]: Preparing spawn area: 0%
[22:17:59] [Worker-Main-12/INFO]: Preparing spawn area: 0%
[22:17:59] [Worker-Main-15/INFO]: Preparing spawn area: 0%
[22:18:00] [Worker-Main-14/INFO]: Preparing spawn area: 2%
[22:18:00] [Worker-Main-12/INFO]: Preparing spawn area: 3%
[22:18:01] [Worker-Main-15/INFO]: Preparing spawn area: 3%
[22:18:01] [Worker-Main-14/INFO]: Preparing spawn area: 4%
[22:18:02] [Worker-Main-12/INFO]: Preparing spawn area: 4%
[22:18:02] [Worker-Main-11/INFO]: Preparing spawn area: 9%
[22:18:03] [Worker-Main-8/INFO]: Preparing spawn area: 9%
[22:18:03] [Worker-Main-14/INFO]: Preparing spawn area: 17%
[22:18:04] [Worker-Main-11/INFO]: Preparing spawn area: 21%
[22:18:04] [Worker-Main-12/INFO]: Preparing spawn area: 24%
[22:18:05] [Worker-Main-15/INFO]: Preparing spawn area: 27%
[22:18:05] [Worker-Main-12/INFO]: Preparing spawn area: 30%
[22:18:06] [Worker-Main-10/INFO]: Preparing spawn area: 32%
[22:18:06] [Worker-Main-11/INFO]: Preparing spawn area: 35%
[22:18:07] [Worker-Main-8/INFO]: Preparing spawn area: 38%
[22:18:07] [Worker-Main-11/INFO]: Preparing spawn area: 41%
[22:18:08] [Worker-Main-10/INFO]: Preparing spawn area: 43%
[22:18:08] [Worker-Main-15/INFO]: Preparing spawn area: 47%
[22:18:09] [Worker-Main-11/INFO]: Preparing spawn area: 51%
[22:18:09] [Worker-Main-12/INFO]: Preparing spawn area: 55%
[22:18:10] [Worker-Main-10/INFO]: Preparing spawn area: 57%
[22:18:10] [Worker-Main-11/INFO]: Preparing spawn area: 62%
[22:18:11] [Worker-Main-15/INFO]: Preparing spawn area: 65%
[22:18:11] [Worker-Main-15/INFO]: Preparing spawn area: 69%
[22:18:12] [Worker-Main-12/INFO]: Preparing spawn area: 72%
[22:18:12] [Worker-Main-9/INFO]: Preparing spawn area: 77%
[22:18:13] [Worker-Main-10/INFO]: Preparing spawn area: 80%
[22:18:13] [Worker-Main-12/INFO]: Preparing spawn area: 84%
[22:18:14] [Worker-Main-8/INFO]: Preparing spawn area: 87%
[22:18:14] [Worker-Main-12/INFO]: Preparing spawn area: 91%
[22:18:15] [Worker-Main-11/INFO]: Preparing spawn area: 95%
[22:18:15] [Worker-Main-11/INFO]: Preparing spawn area: 99%
[22:18:15] [Server thread/INFO]: Time elapsed: 17050 ms
[22:18:15] [Server thread/INFO]: Preparing start region for dimension minecraft:the_nether
[22:18:15] [Worker-Main-8/INFO]: Preparing spawn area: 0%
[22:18:16] [Worker-Main-11/INFO]: Preparing spawn area: 1%
[22:18:16] [Worker-Main-12/INFO]: Preparing spawn area: 4%
[22:18:17] [Worker-Main-11/INFO]: Preparing spawn area: 7%
[22:18:17] [Worker-Main-14/INFO]: Preparing spawn area: 10%
[22:18:18] [Worker-Main-8/INFO]: Preparing spawn area: 15%
[22:18:18] [Worker-Main-12/INFO]: Preparing spawn area: 21%
[22:18:19] [Worker-Main-12/INFO]: Preparing spawn area: 26%
[22:18:19] [Worker-Main-8/INFO]: Preparing spawn area: 32%
[22:18:20] [Worker-Main-9/INFO]: Preparing spawn area: 38%
[22:18:20] [Worker-Main-11/INFO]: Preparing spawn area: 44%
[22:18:21] [Worker-Main-11/INFO]: Preparing spawn area: 51%
[22:18:21] [Worker-Main-14/INFO]: Preparing spawn area: 55%
[22:18:22] [Worker-Main-10/INFO]: Preparing spawn area: 62%
[22:18:22] [Worker-Main-9/INFO]: Preparing spawn area: 69%
[22:18:23] [Worker-Main-9/INFO]: Preparing spawn area: 75%
[22:18:23] [Worker-Main-12/INFO]: Preparing spawn area: 83%
[22:18:24] [Worker-Main-8/INFO]: Preparing spawn area: 89%
[22:18:24] [Worker-Main-11/INFO]: Preparing spawn area: 97%
[22:18:24] [Server thread/INFO]: Time elapsed: 9156 ms
[22:18:24] [Server thread/INFO]: Preparing start region for dimension minecraft:the_end
[22:18:24] [Worker-Main-9/INFO]: Preparing spawn area: 0%
[22:18:25] [Worker-Main-10/INFO]: Preparing spawn area: 18%
[22:18:25] [Worker-Main-8/INFO]: Preparing spawn area: 51%
[22:18:26] [Worker-Main-14/INFO]: Preparing spawn area: 92%
[22:18:26] [Server thread/INFO]: Time elapsed: 1582 ms
[22:18:26] [Server thread/INFO]: Done (36.070s)! For help, type "help"
[22:26:06] [Thread-3/INFO]: Stopping server
